<?xml version="1.0" encoding="UTF-8"?>
<testng-results skipped="0" failed="0" total="2" passed="2">
  <reporter-output>
  </reporter-output>
  <suite name="Default suite" duration-ms="21" started-at="2023-01-19T16:48:34Z" finished-at="2023-01-19T16:48:34Z">
    <groups>
    </groups>
    <test name="Default test" duration-ms="21" started-at="2023-01-19T16:48:34Z" finished-at="2023-01-19T16:48:34Z">
      <class name="Programs.ListtoArrayDemo">
        <test-method status="PASS" signature="listtoArray()[pri:0, instance:Programs.ListtoArrayDemo@4c203ea1]" name="listtoArray" duration-ms="8" started-at="2023-01-19T22:18:34Z" finished-at="2023-01-19T22:18:34Z">
          <reporter-output>
          </reporter-output>
        </test-method> <!-- listtoArray -->
        <test-method status="PASS" signature="stringArrayListtoStringArray()[pri:0, instance:Programs.ListtoArrayDemo@4c203ea1]" name="stringArrayListtoStringArray" duration-ms="0" started-at="2023-01-19T22:18:34Z" finished-at="2023-01-19T22:18:34Z">
          <reporter-output>
          </reporter-output>
        </test-method> <!-- stringArrayListtoStringArray -->
      </class> <!-- Programs.ListtoArrayDemo -->
    </test> <!-- Default test -->
  </suite> <!-- Default suite -->
</testng-results>
